INFO:root:Game started
INFO:root:Game started
INFO:root:Game started
INFO:root:Game started
INFO:root:Game started
2023-11-08 13:56:59 INFO: Game started
2023-11-08 13:57:46 INFO: Game started
2023-11-08 13:58:10 INFO: X has won the game
2023-11-08 14:04:52 INFO: Game started
2023-11-08 14:05:22 INFO: Game started
2023-11-08 14:09:33 INFO: Game started
2023-11-08 14:09:43 INFO: X has won the game
2023-11-13 21:35:22 INFO: Game started
2023-11-13 21:36:11 INFO: Game started
2023-11-13 21:36:43 INFO: Game started
2023-11-21 22:22:03 INFO: Game started
2023-11-21 22:23:59 INFO: Game started
2023-11-21 22:24:08 WARNING: Invalid move by X
2023-11-21 22:25:20 INFO: Game started
2023-11-21 22:30:21 INFO: Game started
2023-11-21 22:30:27 WARNING: Invalid move by X
2023-11-21 23:04:24 INFO: Game started
2023-11-21 23:04:34 WARNING: Invalid move by X
2023-11-21 23:04:35 WARNING: Invalid move by X
2023-11-21 23:04:36 WARNING: Invalid move by X
2023-11-21 23:05:29 INFO: Game started
